<?xml version="1.0" encoding="UTF-8"?>
<testsuite xmlns:xsi="http://www.w3.org/2001/XMLSchema-instance" xsi:noNamespaceSchemaLocation="https://maven.apache.org/surefire/maven-surefire-plugin/xsd/surefire-test-report.xsd" version="3.0.2" name="com.quotespot.QuoteSpotBackendApplicationTests" time="4.725" tests="1" errors="0" skipped="0" failures="0">
  <properties>
[...]
</properties>
  <testcase name="contextLoads" classname="com.quotespot.QuoteSpotBackendApplicationTests" time="0.998">
    <system-out><![CDATA[15:52:13.241 [main] INFO org.springframework.test.context.support.AnnotationConfigContextLoaderUtils -- Could not detect default configuration classes for test class [com.quotespot.QuoteSpotBackendApplicationTests]: QuoteSpotBackendApplicationTests does not declare any static, non-private, non-final, nested classes annotated with @Configuration.
15:52:13.454 [main] INFO org.springframework.boot.test.context.SpringBootTestContextBootstrapper -- Found @SpringBootConfiguration com.quotespot.QuoteSpotBackendApplication for test class com.quotespot.QuoteSpotBackendApplicationTests

  .   ____          _            __ _ _
 /\\ / ___'_ __ _ _(_)_ __  __ _ \ \ \ \
( ( )\___ | '_ | '_| | '_ \/ _` | \ \ \ \
 \\/  ___)| |_)| | | | | || (_| |  ) ) ) )
  '  |____| .__|_| |_|_| |_\__, | / / / /
 =========|_|==============|___/=/_/_/_/

 :: Spring Boot ::                (v4.0.3)

2026-02-28T15:52:14.407+05:30  INFO 15676 --- [quote-spot-backend] [           main] c.q.QuoteSpotBackendApplicationTests     : Starting QuoteSpotBackendApplicationTests using Java 21.0.5 with PID 15676 (started by admin in D:\Development\IntelliJWorkspace\quote-spot\quote-spot-backend)
2026-02-28T15:52:14.410+05:30  INFO 15676 --- [quote-spot-backend] [           main] c.q.QuoteSpotBackendApplicationTests     : No active profile set, falling back to 1 default profile: "default"
2026-02-28T15:52:16.510+05:30  INFO 15676 --- [quote-spot-backend] [           main] c.q.QuoteSpotBackendApplicationTests     : Started QuoteSpotBackendApplicationTests in 2.743 seconds (process running for 5.286)
]]></system-out>
    <system-err><![CDATA[Mockito is currently self-attaching to enable the inline-mock-maker. This will no longer work in future releases of the JDK. Please add Mockito as an agent to your build as described in Mockito's documentation: https://javadoc.io/doc/org.mockito/mockito-core/latest/org.mockito/org/mockito/Mockito.html#0.3
WARNING: A Java agent has been loaded dynamically (C:\Users\admin\.m2\repository\net\bytebuddy\byte-buddy-agent\1.17.8\byte-buddy-agent-1.17.8.jar)
WARNING: If a serviceability tool is in use, please run with -XX:+EnableDynamicAgentLoading to hide this warning
WARNING: If a serviceability tool is not in use, please run with -Djdk.instrument.traceUsage for more information
WARNING: Dynamic loading of agents will be disallowed by default in a future release
]]></system-err>
  </testcase>
</testsuite>